2025-04-03 22:02:14,094 - data_preprocessing - DEBUG - Data loaded properly
2025-04-03 22:02:14,094 - data_preprocessing - ERROR - Failed to complete the data transformation process: name 'preprocess_df' is not defined
2025-04-03 22:02:37,082 - data_preprocessing - DEBUG - Data loaded properly
2025-04-03 22:02:37,082 - data_preprocessing - DEBUG - Starting preprocessing for DataFrame
2025-04-03 22:02:37,082 - data_preprocessing - ERROR - Column not found: 'target'
2025-04-03 22:02:37,082 - data_preprocessing - ERROR - Failed to complete the data transformation process: 'target'
2025-04-03 22:09:23,532 - data_preprocessing - DEBUG - Data loaded properly
2025-04-03 22:09:23,533 - data_preprocessing - DEBUG - Starting preprocessing for DataFrame
2025-04-03 22:09:23,533 - data_preprocessing - ERROR - Column not found: 'target'
2025-04-03 22:09:23,533 - data_preprocessing - ERROR - Failed to complete the data transformation process: 'target'
2025-04-03 22:09:33,667 - data_preprocessing - DEBUG - Data loaded properly
2025-04-03 22:09:33,667 - data_preprocessing - DEBUG - Starting preprocessing for DataFrame
2025-04-03 22:09:33,668 - data_preprocessing - ERROR - Column not found: 'target'
2025-04-03 22:09:33,668 - data_preprocessing - ERROR - Failed to complete the data transformation process: 'target'
2025-04-03 22:22:36,032 - data_preprocessing - DEBUG - Data loaded properly
2025-04-03 22:22:36,032 - data_preprocessing - DEBUG - Starting preprocessing for DataFrame
2025-04-03 22:22:36,033 - data_preprocessing - DEBUG - Target column encoded
2025-04-03 22:22:36,035 - data_preprocessing - DEBUG - Duplicates removed
2025-04-03 22:22:50,583 - data_preprocessing - DEBUG - Text column transformed
2025-04-03 22:22:50,583 - data_preprocessing - DEBUG - Starting preprocessing for DataFrame
2025-04-03 22:22:50,584 - data_preprocessing - DEBUG - Target column encoded
2025-04-03 22:22:50,585 - data_preprocessing - DEBUG - Duplicates removed
2025-04-03 22:22:55,103 - data_preprocessing - DEBUG - Text column transformed
2025-04-03 22:22:55,109 - data_preprocessing - DEBUG - Processed data saved to ./data/interim
